<?xml version="1.0" encoding="UTF-8"?>
<!-- Generated by org.testng.reporters.JUnitReportReporter -->
<testsuite skipped="0" hostname="LAPTOP-91SG2SI1" name="propertiesfile.GoogleTranslateTest2" tests="1" failures="0" timestamp="25 Aug 2017 02:17:57 GMT" time="12.852" errors="0">
  <testcase name="test" time="12.852" classname="propertiesfile.GoogleTranslateTest2"/>
</testsuite> <!-- propertiesfile.GoogleTranslateTest2 -->
