<?xml version="1.0" encoding="UTF-8"?>
<!-- Generated by org.testng.reporters.JUnitReportReporter -->
<testsuite skipped="0" hostname="LAPTOP-91SG2SI1" name="propertiesfile.GoogleTranslateTest" tests="1" failures="0" timestamp="24 Jul 2017 15:06:37 GMT" time="12.386" errors="0">
  <testcase name="test" time="12.386" classname="propertiesfile.GoogleTranslateTest"/>
</testsuite> <!-- propertiesfile.GoogleTranslateTest -->
